javac: invalid flag: &
Usage: javac <options> <source files>
use -help for a list of possible options
Java HotSpot(TM) 64-Bit Server VM warning: ignoring option MaxPermSize=64m; support was removed in 8.0
log4j:WARN No appenders could be found for logger (com.amazonaws.metrics.AwsSdkMetrics).
log4j:WARN Please initialize the log4j system properly.
log4j:WARN See http://logging.apache.org/log4j/1.2/faq.html#noconfig for more info.
Open your web browser and navigate to http://127.0.0.1:8080/
Java HotSpot(TM) 64-Bit Server VM warning: ignoring option MaxPermSize=64m; support was removed in 8.0
log4j:WARN No appenders could be found for logger (com.amazonaws.metrics.AwsSdkMetrics).
log4j:WARN Please initialize the log4j system properly.
log4j:WARN See http://logging.apache.org/log4j/1.2/faq.html#noconfig for more info.
Java HotSpot(TM) 64-Bit Server VM warning: ignoring option MaxPermSize=64m; support was removed in 8.0
log4j:WARN No appenders could be found for logger (com.amazonaws.metrics.AwsSdkMetrics).
log4j:WARN Please initialize the log4j system properly.
log4j:WARN See http://logging.apache.org/log4j/1.2/faq.html#noconfig for more info.
Open your web browser and navigate to http://127.0.0.1:8080/
Java HotSpot(TM) 64-Bit Server VM warning: ignoring option MaxPermSize=64m; support was removed in 8.0
log4j:WARN No appenders could be found for logger (com.amazonaws.metrics.AwsSdkMetrics).
log4j:WARN Please initialize the log4j system properly.
log4j:WARN See http://logging.apache.org/log4j/1.2/faq.html#noconfig for more info.
Java HotSpot(TM) 64-Bit Server VM warning: ignoring option MaxPermSize=64m; support was removed in 8.0
log4j:WARN No appenders could be found for logger (com.amazonaws.metrics.AwsSdkMetrics).
log4j:WARN Please initialize the log4j system properly.
log4j:WARN See http://logging.apache.org/log4j/1.2/faq.html#noconfig for more info.
Open your web browser and navigate to http://127.0.0.1:8080/
Java HotSpot(TM) 64-Bit Server VM warning: ignoring option MaxPermSize=64m; support was removed in 8.0
log4j:WARN No appenders could be found for logger (com.amazonaws.metrics.AwsSdkMetrics).
log4j:WARN Please initialize the log4j system properly.
log4j:WARN See http://logging.apache.org/log4j/1.2/faq.html#noconfig for more info.
Open your web browser and navigate to http://127.0.0.1:8080/
Java HotSpot(TM) 64-Bit Server VM warning: ignoring option MaxPermSize=64m; support was removed in 8.0
log4j:WARN No appenders could be found for logger (com.amazonaws.metrics.AwsSdkMetrics).
log4j:WARN Please initialize the log4j system properly.
log4j:WARN See http://logging.apache.org/log4j/1.2/faq.html#noconfig for more info.
Open your web browser and navigate to http://127.0.0.1:8080/
Java HotSpot(TM) 64-Bit Server VM warning: ignoring option MaxPermSize=64m; support was removed in 8.0
log4j:WARN No appenders could be found for logger (com.amazonaws.metrics.AwsSdkMetrics).
log4j:WARN Please initialize the log4j system properly.
log4j:WARN See http://logging.apache.org/log4j/1.2/faq.html#noconfig for more info.
Open your web browser and navigate to http://127.0.0.1:8080/
